<?xml version="1.0" encoding="UTF-8"?>
<testsuite name="cleanTest.TodoistTest.CRUDTodoist" tests="1" skipped="0" failures="0" errors="0" timestamp="2022-10-26T20:32:43" hostname="Ditzel" time="32.253">
  <properties/>
  <testcase name="createAndDeleteTask()" classname="cleanTest.TodoistTest.CRUDTodoist" time="32.253"/>
  <system-out><![CDATA[Creado
]]></system-out>
  <system-err><![CDATA[SLF4J: Failed to load class "org.slf4j.impl.StaticLoggerBinder".
SLF4J: Defaulting to no-operation (NOP) logger implementation
SLF4J: See http://www.slf4j.org/codes.html#StaticLoggerBinder for further details.
Starting ChromeDriver 106.0.5249.61 (511755355844955cd3e264779baf0dd38212a4d0-refs/branch-heads/5249@{#569}) on port 61250
Only local connections are allowed.
Please see https://chromedriver.chromium.org/security-considerations for suggestions on keeping ChromeDriver safe.
ChromeDriver was started successfully.
[1666816370.910][WARNING]: This version of ChromeDriver has not been tested with Chrome version 107.
Oct 26, 2022 5:32:51 PM org.openqa.selenium.remote.ProtocolHandshake createSession
INFO: Detected upstream dialect: W3C
Oct 26, 2022 5:32:51 PM org.openqa.selenium.devtools.CdpVersionFinder findNearestMatch
WARNING: Unable to find an exact match for CDP version 107, so returning the closest version found: 106
Oct 26, 2022 5:32:51 PM org.openqa.selenium.devtools.CdpVersionFinder findNearestMatch
INFO: Found CDP implementation for version 107 of 106
]]></system-err>
</testsuite>
